WARNING:tensorflow:From train_for_hist_alldata_mod.py:66: initialize_all_variables (from tensorflow.python.ops.variables) is deprecated and will be removed after 2017-03-02.
Instructions for updating:
Use `tf.global_variables_initializer` instead.
INFO:tensorflow:Restoring parameters from /atlas/u/jiaxuan/data/train_results/final/monthly/2013CNN_model.ckpt
WARNING:tensorflow:From train_for_hist_alldata_mod.py:66: initialize_all_variables (from tensorflow.python.ops.variables) is deprecated and will be removed after 2017-03-02.
Instructions for updating:
Use `tf.global_variables_initializer` instead.
WARNING:tensorflow:From train_for_hist_alldata_mod.py:66: initialize_all_variables (from tensorflow.python.ops.variables) is deprecated and will be removed after 2017-03-02.
Instructions for updating:
Use `tf.global_variables_initializer` instead.
INFO:root:save in file: models/2013CNN_model.ckpt
WARNING:tensorflow:From train_for_hist_alldata_mod.py:66: initialize_all_variables (from tensorflow.python.ops.variables) is deprecated and will be removed after 2017-03-02.
Instructions for updating:
Use `tf.global_variables_initializer` instead.
INFO:root:save in file: models/2013CNN_model.ckpt
WARNING:tensorflow:From train_for_hist_alldata_mod.py:66: initialize_all_variables (from tensorflow.python.ops.variables) is deprecated and will be removed after 2017-03-02.
Instructions for updating:
Use `tf.global_variables_initializer` instead.
INFO:root:save in file: models/2013CNN_model.ckpt
WARNING:tensorflow:From train_for_hist_alldata_mod.py:67: initialize_all_variables (from tensorflow.python.ops.variables) is deprecated and will be removed after 2017-03-02.
Instructions for updating:
Use `tf.global_variables_initializer` instead.
INFO:root:save in file: models/2013CNN_model.ckpt
WARNING:tensorflow:From train_for_hist_alldata_mod.py:67: initialize_all_variables (from tensorflow.python.ops.variables) is deprecated and will be removed after 2017-03-02.
Instructions for updating:
Use `tf.global_variables_initializer` instead.
INFO:root:save in file: models/2013CNN_model.ckpt
WARNING:tensorflow:From train_for_hist_alldata_mod.py:68: initialize_all_variables (from tensorflow.python.ops.variables) is deprecated and will be removed after 2017-03-02.
Instructions for updating:
Use `tf.global_variables_initializer` instead.
INFO:root:save in file: models/2013CNN_model.ckpt
WARNING:tensorflow:From train_for_hist_alldata_mod.py:69: initialize_all_variables (from tensorflow.python.ops.variables) is deprecated and will be removed after 2017-03-02.
Instructions for updating:
Use `tf.global_variables_initializer` instead.
INFO:root:predict year 2013 step 0 30199.316406 248422.375000 0.001000
INFO:root:Validation set RMSE 125.283665 ME 124.471046 RMSE_min 100.000000
WARNING:tensorflow:From train_for_hist_alldata_mod.py:69: initialize_all_variables (from tensorflow.python.ops.variables) is deprecated and will be removed after 2017-03-02.
Instructions for updating:
Use `tf.global_variables_initializer` instead.
INFO:root:predict year 2013 step 0 28248.699219 249229.468750 0.001000
INFO:root:Validation set RMSE 124.770020 ME 123.831624 RMSE_min 100.000000
WARNING:tensorflow:From train_for_hist_alldata_mod.py:69: initialize_all_variables (from tensorflow.python.ops.variables) is deprecated and will be removed after 2017-03-02.
Instructions for updating:
Use `tf.global_variables_initializer` instead.
INFO:root:predict year 2013 step 0 32091.574219 267241.906250 0.001000
INFO:root:Validation set RMSE 133.696568 ME 132.800026 RMSE_min 100.000000
INFO:root:predict year 2013 step 1 254883.453125 63526.210938 0.001000
INFO:root:Validation set RMSE 63.711724 ME 62.318990 RMSE_min 63.711724
INFO:root:predict year 2013 step 2 58273.257812 15091.074219 0.001000
INFO:root:Validation set RMSE 30.217967 ME -28.766701 RMSE_min 30.217967
INFO:root:predict year 2013 step 3 16387.230469 102081.328125 0.001000
INFO:root:Validation set RMSE 75.103312 ME -74.407916 RMSE_min 30.217967
INFO:root:predict year 2013 step 4 75810.039062 78807.343750 0.001000
INFO:root:Validation set RMSE 68.648737 ME -67.960523 RMSE_min 30.217967
INFO:root:predict year 2013 step 5 76848.500000 14730.144531 0.001000
INFO:root:Validation set RMSE 29.867570 ME -28.294546 RMSE_min 29.867570
INFO:root:predict year 2013 step 6 32701.662109 12287.500977 0.001000
INFO:root:Validation set RMSE 29.501753 ME 25.441139 RMSE_min 29.501753
INFO:root:predict year 2013 step 7 2713.157715 87205.406250 0.001000
INFO:root:Validation set RMSE 71.682659 ME 68.525044 RMSE_min 29.501753
INFO:root:predict year 2013 step 8 25254.757812 115036.125000 0.001000
INFO:root:Validation set RMSE 85.292945 ME 82.116702 RMSE_min 29.501753
INFO:root:predict year 2013 step 9 44758.597656 82209.960938 0.001000
INFO:root:Validation set RMSE 70.564785 ME 67.403971 RMSE_min 29.501753
INFO:root:predict year 2013 step 10 30935.847656 25406.628906 0.001000
INFO:root:Validation set RMSE 39.655171 ME 36.003411 RMSE_min 29.501753
INFO:root:predict year 2013 step 11 7568.954102 2984.130615 0.001000
INFO:root:Validation set RMSE 12.510947 ME 1.438868 RMSE_min 12.510947
INFO:root:predict year 2013 step 12 3557.689697 15193.767578 0.001000
INFO:root:Validation set RMSE 30.117644 ME -28.498804 RMSE_min 12.510947
INFO:root:predict year 2013 step 13 15013.893555 29376.781250 0.001000
INFO:root:Validation set RMSE 41.963588 ME -41.012387 RMSE_min 12.510947
INFO:root:predict year 2013 step 14 24866.234375 20416.648438 0.001000
INFO:root:Validation set RMSE 36.570818 ME -35.468487 RMSE_min 12.510947
INFO:root:predict year 2013 step 15 22365.335938 5831.490723 0.001000
INFO:root:Validation set RMSE 19.409350 ME -16.827825 RMSE_min 12.510947
INFO:root:predict year 2013 step 16 10262.041016 4063.369141 0.001000
INFO:root:Validation set RMSE 14.514908 ME 8.737621 RMSE_min 12.510947
INFO:root:predict year 2013 step 17 3330.887939 21392.083984 0.001000
INFO:root:Validation set RMSE 35.502021 ME 32.654964 RMSE_min 12.510947
INFO:root:predict year 2013 step 18 7434.023438 40833.324219 0.001000
INFO:root:Validation set RMSE 49.580688 ME 47.122868 RMSE_min 12.510947
INFO:root:predict year 2013 step 19 11136.771484 44659.914062 0.001000
INFO:root:save in file: models/2013CNN_model.ckpt
WARNING:tensorflow:From train_for_hist_alldata_mod.py:70: initialize_all_variables (from tensorflow.python.ops.variables) is deprecated and will be removed after 2017-03-02.
Instructions for updating:
Use `tf.global_variables_initializer` instead.
